<?xml version="1.0" encoding="UTF-8"?>
<testsuite xmlns:xsi="http://www.w3.org/2001/XMLSchema-instance" xsi:noNamespaceSchemaLocation="https://maven.apache.org/surefire/maven-surefire-plugin/xsd/surefire-test-report-3.0.xsd" version="3.0" name="com.pluralsight.tddjunit5.airport.AirportTest$PremiumFlightTest$VipPassengerTest" time="0.071" tests="6" errors="0" skipped="0" failures="0">
  <properties>
[...]
</properties>
  <testcase name="testPremiumFlightVipPassenger" classname="com.pluralsight.tddjunit5.airport.AirportTest$PremiumFlightTest$VipPassengerTest" time="0.016"/>
  <testcase name="testPremiumFlightVipPassengerAddedOnlyOnce" classname="com.pluralsight.tddjunit5.airport.AirportTest$PremiumFlightTest$VipPassengerTest" time="0.007"/>
  <testcase name="testPremiumFlightVipPassengerAddedOnlyOnce" classname="com.pluralsight.tddjunit5.airport.AirportTest$PremiumFlightTest$VipPassengerTest" time="0.001"/>
  <testcase name="testPremiumFlightVipPassengerAddedOnlyOnce" classname="com.pluralsight.tddjunit5.airport.AirportTest$PremiumFlightTest$VipPassengerTest" time="0.001"/>
  <testcase name="testPremiumFlightVipPassengerAddedOnlyOnce" classname="com.pluralsight.tddjunit5.airport.AirportTest$PremiumFlightTest$VipPassengerTest" time="0.001"/>
  <testcase name="testPremiumFlightVipPassengerAddedOnlyOnce" classname="com.pluralsight.tddjunit5.airport.AirportTest$PremiumFlightTest$VipPassengerTest" time="0.001"/>
</testsuite>